0 info it worked if it ends with ok
1 verbose cli [ '/Users/murryb/.nvm/versions/node/v5.4.0/bin/node',
1 verbose cli   '/Users/murryb/.nvm/versions/node/v5.4.0/bin/npm',
1 verbose cli   'run',
1 verbose cli   'server' ]
2 info using npm@3.3.12
3 info using node@v5.4.0
4 verbose run-script [ 'preserver', 'server', 'postserver' ]
5 info lifecycle strava_kudos@~preserver: strava_kudos@
6 silly lifecycle strava_kudos@~preserver: no script for preserver, continuing
7 info lifecycle strava_kudos@~server: strava_kudos@
8 verbose lifecycle strava_kudos@~server: unsafe-perm in lifecycle true
9 verbose lifecycle strava_kudos@~server: PATH: /Users/murryb/.nvm/versions/node/v5.4.0/lib/node_modules/npm/bin/node-gyp-bin:/Users/murryb/Sites/strava_kudos/src/node_modules/.bin:/Users/murryb/.nvm/versions/node/v5.4.0/bin:/Users/murryb/node_modules/.bin:/usr/bin:/bin:/sbin:/usr/sbin:/usr/share/man:/usr/local/bin:/usr/local/share:/usr/local/maven/bin:/opt/local/sbin:/usr/local/git/bin:/usr/local/git/share/man:/usr/local/share/man:/usr/local/Cellar:/usr/local/share/npm/bin:/apollo/env/SDETools/bin:/apollo/env/ruby193/bin:/Users/murryb/.rvm/bin
10 verbose lifecycle strava_kudos@~server: CWD: /Users/murryb/Sites/strava_kudos/src
11 silly lifecycle strava_kudos@~server: Args: [ '-c', 'gulp watch' ]
12 silly lifecycle strava_kudos@~server: Returned: code: 1  signal: null
13 info lifecycle strava_kudos@~server: Failed to exec server script
14 verbose stack Error: strava_kudos@ server: `gulp watch`
14 verbose stack Exit status 1
14 verbose stack     at EventEmitter.<anonymous> (/Users/murryb/.nvm/versions/node/v5.4.0/lib/node_modules/npm/lib/utils/lifecycle.js:232:16)
14 verbose stack     at emitTwo (events.js:87:13)
14 verbose stack     at EventEmitter.emit (events.js:172:7)
14 verbose stack     at ChildProcess.<anonymous> (/Users/murryb/.nvm/versions/node/v5.4.0/lib/node_modules/npm/lib/utils/spawn.js:24:14)
14 verbose stack     at emitTwo (events.js:87:13)
14 verbose stack     at ChildProcess.emit (events.js:172:7)
14 verbose stack     at maybeClose (internal/child_process.js:821:16)
14 verbose stack     at Process.ChildProcess._handle.onexit (internal/child_process.js:211:5)
15 verbose pkgid strava_kudos@
16 verbose cwd /Users/murryb/Sites/strava_kudos/src
17 error Darwin 14.5.0
18 error argv "/Users/murryb/.nvm/versions/node/v5.4.0/bin/node" "/Users/murryb/.nvm/versions/node/v5.4.0/bin/npm" "run" "server"
19 error node v5.4.0
20 error npm  v3.3.12
21 error code ELIFECYCLE
22 error strava_kudos@ server: `gulp watch`
22 error Exit status 1
23 error Failed at the strava_kudos@ server script 'gulp watch'.
23 error Make sure you have the latest version of node.js and npm installed.
23 error If you do, this is most likely a problem with the strava_kudos package,
23 error not with npm itself.
23 error Tell the author that this fails on your system:
23 error     gulp watch
23 error You can get their info via:
23 error     npm owner ls strava_kudos
23 error There is likely additional logging output above.
24 verbose exit [ 1, true ]
